d:\visual studio projects\c++\graphicsprogramming\graphics-programming-visualiser\graphics programming coursework\coursework\lab1\debug\vc142.pdb
d:\visual studio projects\c++\graphicsprogramming\graphics-programming-visualiser\graphics programming coursework\coursework\lab1\debug\vc142.idb
d:\visual studio projects\c++\graphicsprogramming\graphics-programming-visualiser\graphics programming coursework\coursework\lab1\debug\utilities.obj
d:\visual studio projects\c++\graphicsprogramming\graphics-programming-visualiser\graphics programming coursework\coursework\lab1\debug\shader.obj
d:\visual studio projects\c++\graphicsprogramming\graphics-programming-visualiser\graphics programming coursework\coursework\lab1\debug\player.obj
d:\visual studio projects\c++\graphicsprogramming\graphics-programming-visualiser\graphics programming coursework\coursework\lab1\debug\obj_loader.obj
d:\visual studio projects\c++\graphicsprogramming\graphics-programming-visualiser\graphics programming coursework\coursework\lab1\debug\model.obj
d:\visual studio projects\c++\graphicsprogramming\graphics-programming-visualiser\graphics programming coursework\coursework\lab1\debug\main.obj
d:\visual studio projects\c++\graphicsprogramming\graphics-programming-visualiser\graphics programming coursework\coursework\lab1\debug\gameobject.obj
d:\visual studio projects\c++\graphicsprogramming\graphics-programming-visualiser\graphics programming coursework\coursework\lab1\debug\game.obj
d:\visual studio projects\c++\graphicsprogramming\graphics-programming-visualiser\graphics programming coursework\coursework\lab1\debug\display.obj
d:\visual studio projects\c++\graphicsprogramming\graphics-programming-visualiser\graphics programming coursework\coursework\lab1\debug\physicsgameobject.obj
d:\visual studio projects\c++\graphicsprogramming\graphics-programming-visualiser\graphics programming coursework\coursework\lab1\debug\lightcasterobject.obj
d:\visual studio projects\c++\graphicsprogramming\graphics-programming-visualiser\graphics programming coursework\coursework\lab1\debug\collider.obj
d:\visual studio projects\c++\graphicsprogramming\graphics-programming-visualiser\graphics programming coursework\coursework\lab1\debug\camera.obj
d:\visual studio projects\c++\graphicsprogramming\graphics-programming-visualiser\graphics programming coursework\coursework\lab1\debug\audio.obj
d:\visual studio projects\c++\graphicsprogramming\graphics-programming-visualiser\graphics programming coursework\coursework\lab1\debug\stb_image.obj
d:\visual studio projects\c++\graphicsprogramming\graphics-programming-visualiser\graphics programming coursework\coursework\debug\coursework.ilk
d:\visual studio projects\c++\graphicsprogramming\graphics-programming-visualiser\graphics programming coursework\coursework\debug\coursework.exe
d:\visual studio projects\c++\graphicsprogramming\graphics-programming-visualiser\graphics programming coursework\coursework\debug\coursework.pdb
d:\visual studio projects\c++\graphicsprogramming\graphics-programming-visualiser\graphics programming coursework\coursework\lab1\debug\lightcasterobject.new.obj.enc
d:\visual studio projects\c++\graphicsprogramming\graphics-programming-visualiser\graphics programming coursework\coursework\lab1\debug\coursework.tlog\cl.command.1.tlog
d:\visual studio projects\c++\graphicsprogramming\graphics-programming-visualiser\graphics programming coursework\coursework\lab1\debug\coursework.tlog\cl.read.1.tlog
d:\visual studio projects\c++\graphicsprogramming\graphics-programming-visualiser\graphics programming coursework\coursework\lab1\debug\coursework.tlog\cl.write.1.tlog
d:\visual studio projects\c++\graphicsprogramming\graphics-programming-visualiser\graphics programming coursework\coursework\lab1\debug\coursework.tlog\link.command.1.tlog
d:\visual studio projects\c++\graphicsprogramming\graphics-programming-visualiser\graphics programming coursework\coursework\lab1\debug\coursework.tlog\link.read.1.tlog
d:\visual studio projects\c++\graphicsprogramming\graphics-programming-visualiser\graphics programming coursework\coursework\lab1\debug\coursework.tlog\link.write.1.tlog
