  Audio.cpp
  Camera.cpp
C:\Projects\Programming Stuff\Visual Studio Projects\C++\_Graphics Programming\GraphicsProgramming CourseWork\Graphics-Programming-Visualiser\Graphics Programming CourseWork\CourseWork\Lab1\Utilities.h(24,55): warning C4091: 'typedef ': ignored on left of 'DebugMessageTier' when no variable is declared
  Collider.cpp
C:\Projects\Programming Stuff\Visual Studio Projects\C++\_Graphics Programming\GraphicsProgramming CourseWork\Graphics-Programming-Visualiser\Graphics Programming CourseWork\CourseWork\Lab1\Utilities.h(24,55): warning C4091: 'typedef ': ignored on left of 'DebugMessageTier' when no variable is declared
  PhysicsGameObject.cpp
C:\Projects\Programming Stuff\Visual Studio Projects\C++\_Graphics Programming\GraphicsProgramming CourseWork\Graphics-Programming-Visualiser\Graphics Programming CourseWork\CourseWork\Lab1\Utilities.h(24,55): warning C4091: 'typedef ': ignored on left of 'DebugMessageTier' when no variable is declared
  Display.cpp
C:\Projects\Programming Stuff\Visual Studio Projects\C++\_Graphics Programming\GraphicsProgramming CourseWork\Graphics-Programming-Visualiser\Graphics Programming CourseWork\CourseWork\Lab1\Display.cpp(26,132): warning C4244: 'argument': conversion from 'float' to 'int', possible loss of data
C:\Projects\Programming Stuff\Visual Studio Projects\C++\_Graphics Programming\GraphicsProgramming CourseWork\Graphics-Programming-Visualiser\Graphics Programming CourseWork\CourseWork\Lab1\Display.cpp(26,115): warning C4244: 'argument': conversion from 'float' to 'int', possible loss of data
  Game.cpp
C:\Projects\Programming Stuff\Visual Studio Projects\C++\_Graphics Programming\GraphicsProgramming CourseWork\Graphics-Programming-Visualiser\Graphics Programming CourseWork\CourseWork\Lab1\Utilities.h(24,55): warning C4091: 'typedef ': ignored on left of 'DebugMessageTier' when no variable is declared
C:\Projects\Programming Stuff\Visual Studio Projects\C++\_Graphics Programming\GraphicsProgramming CourseWork\Graphics-Programming-Visualiser\Graphics Programming CourseWork\CourseWork\Lab1\Game.cpp(193,20): warning C4018: '<': signed/unsigned mismatch
C:\Projects\Programming Stuff\Visual Studio Projects\C++\_Graphics Programming\GraphicsProgramming CourseWork\Graphics-Programming-Visualiser\Graphics Programming CourseWork\CourseWork\Lab1\Game.cpp(208,21): warning C4018: '<': signed/unsigned mismatch
C:\Projects\Programming Stuff\Visual Studio Projects\C++\_Graphics Programming\GraphicsProgramming CourseWork\Graphics-Programming-Visualiser\Graphics Programming CourseWork\CourseWork\Lab1\Game.cpp(254,20): warning C4018: '<': signed/unsigned mismatch
C:\Projects\Programming Stuff\Visual Studio Projects\C++\_Graphics Programming\GraphicsProgramming CourseWork\Graphics-Programming-Visualiser\Graphics Programming CourseWork\CourseWork\Lab1\Game.cpp(274,20): warning C4018: '<': signed/unsigned mismatch
C:\Projects\Programming Stuff\Visual Studio Projects\C++\_Graphics Programming\GraphicsProgramming CourseWork\Graphics-Programming-Visualiser\Graphics Programming CourseWork\CourseWork\Lab1\Game.cpp(282,20): warning C4018: '<': signed/unsigned mismatch
C:\Projects\Programming Stuff\Visual Studio Projects\C++\_Graphics Programming\GraphicsProgramming CourseWork\Graphics-Programming-Visualiser\Graphics Programming CourseWork\CourseWork\Lab1\Game.cpp(285,20): warning C4018: '<': signed/unsigned mismatch
C:\Projects\Programming Stuff\Visual Studio Projects\C++\_Graphics Programming\GraphicsProgramming CourseWork\Graphics-Programming-Visualiser\Graphics Programming CourseWork\CourseWork\Lab1\Game.cpp(297,21): warning C4244: '=': conversion from 'double' to 'float', possible loss of data
  GameObject.cpp
C:\Projects\Programming Stuff\Visual Studio Projects\C++\_Graphics Programming\GraphicsProgramming CourseWork\Graphics-Programming-Visualiser\Graphics Programming CourseWork\CourseWork\Lab1\Utilities.h(24,55): warning C4091: 'typedef ': ignored on left of 'DebugMessageTier' when no variable is declared
  Main.cpp
C:\Projects\Programming Stuff\Visual Studio Projects\C++\_Graphics Programming\GraphicsProgramming CourseWork\Graphics-Programming-Visualiser\Graphics Programming CourseWork\CourseWork\Lab1\Utilities.h(24,55): warning C4091: 'typedef ': ignored on left of 'DebugMessageTier' when no variable is declared
  Model.cpp
C:\Projects\Programming Stuff\Visual Studio Projects\C++\_Graphics Programming\GraphicsProgramming CourseWork\Graphics-Programming-Visualiser\Graphics Programming CourseWork\CourseWork\Lab1\Utilities.h(24,55): warning C4091: 'typedef ': ignored on left of 'DebugMessageTier' when no variable is declared
  obj_loader.cpp
C:\Projects\Programming Stuff\Visual Studio Projects\C++\_Graphics Programming\GraphicsProgramming CourseWork\Graphics-Programming-Visualiser\Graphics Programming CourseWork\CourseWork\Lab1\obj_loader.cpp(378,16): warning C4244: 'return': conversion from 'double' to 'float', possible loss of data
  Player.cpp
C:\Projects\Programming Stuff\Visual Studio Projects\C++\_Graphics Programming\GraphicsProgramming CourseWork\Graphics-Programming-Visualiser\Graphics Programming CourseWork\CourseWork\Lab1\Utilities.h(24,55): warning C4091: 'typedef ': ignored on left of 'DebugMessageTier' when no variable is declared
  Shader.cpp
C:\Projects\Programming Stuff\Visual Studio Projects\C++\_Graphics Programming\GraphicsProgramming CourseWork\Graphics-Programming-Visualiser\Graphics Programming CourseWork\CourseWork\Lab1\Utilities.h(24,55): warning C4091: 'typedef ': ignored on left of 'DebugMessageTier' when no variable is declared
  Utilities.cpp
C:\Projects\Programming Stuff\Visual Studio Projects\C++\_Graphics Programming\GraphicsProgramming CourseWork\Graphics-Programming-Visualiser\Graphics Programming CourseWork\CourseWork\Lab1\Utilities.h(24,55): warning C4091: 'typedef ': ignored on left of 'DebugMessageTier' when no variable is declared
  Generating Code...
  stb_image.c
  Lab1.vcxproj -> C:\Projects\Programming Stuff\Visual Studio Projects\C++\_Graphics Programming\GraphicsProgramming CourseWork\Graphics-Programming-Visualiser\Graphics Programming CourseWork\CourseWork\Debug\CourseWork.exe
